<?xml version="1.0" encoding="UTF-8"?>
<!-- Generated by org.testng.reporters.JUnitReportReporter -->
<testsuite hostname="BG-ADN-HBKC1Z2" failures="0" tests="1" name="com.wizzair.tests.LogInTest" time="2.304" errors="0" timestamp="2023-04-10T17:01:15 EEST" skipped="0">
  <testcase classname="com.wizzair.tests.LogInTest" name="logInTest" time="2.304"/>
  <system-out/>
</testsuite> <!-- com.wizzair.tests.LogInTest -->
